#
# There is insufficient memory for the Java Runtime Environment to continue.
# Native memory allocation (malloc) failed to allocate 32744 bytes for ChunkPool::allocate
# Possible reasons:
#   The system is out of physical RAM or swap space
#   The process is running with CompressedOops enabled, and the Java Heap may be blocking the growth of the native heap
# Possible solutions:
#   Reduce memory load on the system
#   Increase physical memory or swap space
#   Check if swap backing store is full
#   Decrease Java heap size (-Xmx/-Xms)
#   Decrease number of Java threads
#   Decrease Java thread stack sizes (-Xss)
#   Set larger code cache with -XX:ReservedCodeCacheSize=
#   JVM is running with Unscaled Compressed Oops mode in which the Java heap is
#     placed in the first 4GB address space. The Java Heap base address is the
#     maximum limit for the native heap growth. Please use -XX:HeapBaseMinAddress
#     to set the Java Heap base and to place the Java Heap above 4GB virtual address.
# This output file may be truncated or incomplete.
#
#  Out of Memory Error (arena.cpp:78), pid=23344, tid=23440
#
# JRE version: Java(TM) SE Runtime Environment (17.0.11+7) (build 17.0.11+7-LTS-207)
# Java VM: Java HotSpot(TM) 64-Bit Server VM (17.0.11+7-LTS-207, mixed mode, sharing, tiered, compressed oops, compressed class ptrs, g1 gc, windows-amd64)
# No core dump will be written. Minidumps are not enabled by default on client versions of Windows
#

---------------  S U M M A R Y ------------

Command Line: -Dfile.encoding=UTF-8 -Dstdout.encoding=UTF-8 -Dstderr.encoding=UTF-8 -XX:+ShowCodeDetailsInExceptionMessages com.test.YahooFinanceTest

Host: AMD Ryzen 3 3250U with Radeon Graphics         , 4 cores, 3G,  Windows 11 , 64 bit Build 22621 (10.0.22621.4391)
Time: Tue Jan 28 14:42:24 2025 India Standard Time elapsed time: 131.873291 seconds (0d 0h 2m 11s)

---------------  T H R E A D  ---------------

Current thread (0x000002c52520bd20):  JavaThread "C2 CompilerThread0" daemon [_thread_in_native, id=23440, stack(0x000000ed04600000,0x000000ed04700000)]


Current CompileTask:
C2: 131874 2220 %     4       org.openqa.selenium.json.JsonInput::readString @ 16 (106 bytes)

Stack: [0x000000ed04600000,0x000000ed04700000]
Native frames: (J=compiled Java code, j=interpreted, Vv=VM code, C=native code)
V  [jvm.dll+0x679cca]
V  [jvm.dll+0x7da13d]
V  [jvm.dll+0x7dba83]
V  [jvm.dll+0x7dc0f3]
V  [jvm.dll+0x2449af]
V  [jvm.dll+0xaba8c]
V  [jvm.dll+0xabe1c]
V  [jvm.dll+0xab954]
V  [jvm.dll+0x7c401c]
V  [jvm.dll+0x21d693]
V  [jvm.dll+0x69d0ba]
V  [jvm.dll+0x2176f2]
V  [jvm.dll+0x215505]
V  [jvm.dll+0x1a2040]
V  [jvm.dll+0x225a2b]
V  [jvm.dll+0x223bcb]
V  [jvm.dll+0x7903ec]
V  [jvm.dll+0x78a85a]
V  [jvm.dll+0x678bb5]
C  [ucrtbase.dll+0x29333]
C  [KERNEL32.DLL+0x1259d]
C  [ntdll.dll+0x5af38]


---------------  P R O C E S S  ---------------

Threads class SMR info:
_java_thread_list=0x000002c587af4110, length=21, elements={
0x000002c525148710, 0x000002c5251f5ae0, 0x000002c5251f6760, 0x000002c5252085f0,
0x000002c525208ec0, 0x000002c52520a7a0, 0x000002c52520b070, 0x000002c52520bd20,
0x000002c541f04200, 0x000002c541f21720, 0x000002c5871533b0, 0x000002c587161a80,
0x000002c587a78cd0, 0x000002c587a79cd0, 0x000002c587a842d0, 0x000002c587a791b0,
0x000002c587a95510, 0x000002c587a96950, 0x000002c587a97880, 0x000002c587a95a20,
0x000002c587a95f30
}

Java Threads: ( => current thread )
  0x000002c525148710 JavaThread "main" [_thread_blocked, id=23388, stack(0x000000ed03900000,0x000000ed03a00000)]
  0x000002c5251f5ae0 JavaThread "Reference Handler" daemon [_thread_blocked, id=23416, stack(0x000000ed04000000,0x000000ed04100000)]
  0x000002c5251f6760 JavaThread "Finalizer" daemon [_thread_blocked, id=23420, stack(0x000000ed04100000,0x000000ed04200000)]
  0x000002c5252085f0 JavaThread "Signal Dispatcher" daemon [_thread_blocked, id=23424, stack(0x000000ed04200000,0x000000ed04300000)]
  0x000002c525208ec0 JavaThread "Attach Listener" daemon [_thread_blocked, id=23428, stack(0x000000ed04300000,0x000000ed04400000)]
  0x000002c52520a7a0 JavaThread "Service Thread" daemon [_thread_blocked, id=23432, stack(0x000000ed04400000,0x000000ed04500000)]
  0x000002c52520b070 JavaThread "Monitor Deflation Thread" daemon [_thread_blocked, id=23436, stack(0x000000ed04500000,0x000000ed04600000)]
=>0x000002c52520bd20 JavaThread "C2 CompilerThread0" daemon [_thread_in_native, id=23440, stack(0x000000ed04600000,0x000000ed04700000)]
  0x000002c541f04200 JavaThread "C1 CompilerThread0" daemon [_thread_blocked, id=23444, stack(0x000000ed04700000,0x000000ed04800000)]
  0x000002c541f21720 JavaThread "Sweeper thread" daemon [_thread_blocked, id=23448, stack(0x000000ed04800000,0x000000ed04900000)]
  0x000002c5871533b0 JavaThread "Notification Thread" daemon [_thread_blocked, id=23452, stack(0x000000ed04900000,0x000000ed04a00000)]
  0x000002c587161a80 JavaThread "Common-Cleaner" daemon [_thread_blocked, id=23460, stack(0x000000ed04b00000,0x000000ed04c00000)]
  0x000002c587a78cd0 JavaThread "HttpClient-1-SelectorManager" daemon [_thread_in_native, id=23116, stack(0x000000ed05200000,0x000000ed05300000)]
  0x000002c587a79cd0 JavaThread "External Process Output Forwarder - C:\Users\acer\.cache\selenium\chromedriver\win64\131.0.6778.264\chromedriver.exe" daemon [_thread_in_native, id=23128, stack(0x000000ed05300000,0x000000ed05400000)]
  0x000002c587a842d0 JavaThread "Driver Service Executor" daemon [_thread_blocked, id=19508, stack(0x000000ed05400000,0x000000ed05500000)]
  0x000002c587a791b0 JavaThread "Driver Service Executor" daemon [_thread_blocked, id=19656, stack(0x000000ed05500000,0x000000ed05600000)]
  0x000002c587a95510 JavaThread "JdkHttpClient-0-0" daemon [_thread_blocked, id=23192, stack(0x000000ed05900000,0x000000ed05a00000)]
  0x000002c587a96950 JavaThread "CompletableFutureDelayScheduler" daemon [_thread_blocked, id=23216, stack(0x000000ed05a00000,0x000000ed05b00000)]
  0x000002c587a97880 JavaThread "HttpClient-2-SelectorManager" daemon [_thread_in_native, id=23032, stack(0x000000ed05e00000,0x000000ed05f00000)]
  0x000002c587a95a20 JavaThread "JdkHttpClient-0-4" daemon [_thread_blocked, id=20328, stack(0x000000ed03700000,0x000000ed03800000)]
  0x000002c587a95f30 JavaThread "JdkHttpClient-0-5" daemon [_thread_blocked, id=19840, stack(0x000000ed03800000,0x000000ed03900000)]

Other Threads:
  0x000002c5251edfc0 VMThread "VM Thread" [stack: 0x000000ed03f00000,0x000000ed04000000] [id=23412]
  0x000002c52519a4a0 WatcherThread [stack: 0x000000ed04a00000,0x000000ed04b00000] [id=23456]
  0x000002c5251816e0 GCTaskThread "GC Thread#0" [stack: 0x000000ed03a00000,0x000000ed03b00000] [id=23392]
  0x000002c5879ea5a0 GCTaskThread "GC Thread#1" [stack: 0x000000ed04d00000,0x000000ed04e00000] [id=5156]
  0x000002c5879f27b0 GCTaskThread "GC Thread#2" [stack: 0x000000ed04e00000,0x000000ed04f00000] [id=22628]
  0x000002c5879f2a70 GCTaskThread "GC Thread#3" [stack: 0x000000ed04f00000,0x000000ed05000000] [id=22624]
  0x000002c525189370 ConcurrentGCThread "G1 Main Marker" [stack: 0x000000ed03b00000,0x000000ed03c00000] [id=23396]
  0x000002c52518a420 ConcurrentGCThread "G1 Conc#0" [stack: 0x000000ed03c00000,0x000000ed03d00000] [id=23400]
  0x000002c5251cb900 ConcurrentGCThread "G1 Refine#0" [stack: 0x000000ed03d00000,0x000000ed03e00000] [id=23404]
  0x000002c5879ea860 ConcurrentGCThread "G1 Refine#1" [stack: 0x000000ed05000000,0x000000ed05100000] [id=23080]
  0x000002c5879eab50 ConcurrentGCThread "G1 Refine#2" [stack: 0x000000ed05100000,0x000000ed05200000] [id=23084]
  0x000002c5251cd240 ConcurrentGCThread "G1 Service" [stack: 0x000000ed03e00000,0x000000ed03f00000] [id=23408]

Threads with active compile tasks:
C2 CompilerThread0   131922 2220 %     4       org.openqa.selenium.json.JsonInput::readString @ 16 (106 bytes)

VM state: not at safepoint (normal execution)

VM Mutex/Monitor currently owned by a thread: None

Heap address: 0x00000000c8e00000, size: 882 MB, Compressed Oops mode: 32-bit

CDS archive(s) mapped at: [0x000002c542000000-0x000002c542bd0000-0x000002c542bd0000), size 12386304, SharedBaseAddress: 0x000002c542000000, ArchiveRelocationMode: 1.
Compressed class space mapped at: 0x000002c543000000-0x000002c583000000, reserved size: 1073741824
Narrow klass base: 0x000002c542000000, Narrow klass shift: 0, Narrow klass range: 0x100000000

GC Precious Log:
 CPUs: 4 total, 4 available
 Memory: 3521M
 Large Page Support: Disabled
 NUMA Support: Disabled
 Compressed Oops: Enabled (32-bit)
 Heap Region Size: 1M
 Heap Min Capacity: 8M
 Heap Initial Capacity: 56M
 Heap Max Capacity: 882M
 Pre-touch: Disabled
 Parallel Workers: 4
 Concurrent Workers: 1
 Concurrent Refinement Workers: 4
 Periodic GC: Disabled

Heap:
 garbage-first heap   total 57344K, used 17263K [0x00000000c8e00000, 0x0000000100000000)
  region size 1024K, 13 young (13312K), 2 survivors (2048K)
 Metaspace       used 12172K, committed 12480K, reserved 1114112K
  class space    used 1461K, committed 1600K, reserved 1048576K

Heap Regions: E=young(eden), S=young(survivor), O=old, HS=humongous(starts), HC=humongous(continues), CS=collection set, F=free, OA=open archive, CA=closed archive, TAMS=top-at-mark-start (previous, next)
|   0|0x00000000c8e00000, 0x00000000c8f00000, 0x00000000c8f00000|100%|HS|  |TAMS 0x00000000c8e00000, 0x00000000c8e00000| Complete 
|   1|0x00000000c8f00000, 0x00000000c9000000, 0x00000000c9000000|100%| O|  |TAMS 0x00000000c8f00000, 0x00000000c8f00000| Untracked 
|   2|0x00000000c9000000, 0x00000000c9100000, 0x00000000c9100000|100%| O|  |TAMS 0x00000000c9000000, 0x00000000c9000000| Untracked 
|   3|0x00000000c9100000, 0x00000000c9200000, 0x00000000c9200000|100%| O|  |TAMS 0x00000000c9100000, 0x00000000c9100000| Untracked 
|   4|0x00000000c9200000, 0x00000000c9300000, 0x00000000c9300000|100%| O|  |TAMS 0x00000000c9200000, 0x00000000c9200000| Untracked 
|   5|0x00000000c9300000, 0x00000000c935ce00, 0x00000000c9400000| 36%| O|  |TAMS 0x00000000c9300000, 0x00000000c9300000| Untracked 
|   6|0x00000000c9400000, 0x00000000c9400000, 0x00000000c9500000|  0%| F|  |TAMS 0x00000000c9400000, 0x00000000c9400000| Untracked 
|   7|0x00000000c9500000, 0x00000000c9500000, 0x00000000c9600000|  0%| F|  |TAMS 0x00000000c9500000, 0x00000000c9500000| Untracked 
|   8|0x00000000c9600000, 0x00000000c9600000, 0x00000000c9700000|  0%| F|  |TAMS 0x00000000c9600000, 0x00000000c9600000| Untracked 
|   9|0x00000000c9700000, 0x00000000c9700000, 0x00000000c9800000|  0%| F|  |TAMS 0x00000000c9700000, 0x00000000c9700000| Untracked 
|  10|0x00000000c9800000, 0x00000000c9800000, 0x00000000c9900000|  0%| F|  |TAMS 0x00000000c9800000, 0x00000000c9800000| Untracked 
|  11|0x00000000c9900000, 0x00000000c9900000, 0x00000000c9a00000|  0%| F|  |TAMS 0x00000000c9900000, 0x00000000c9900000| Untracked 
|  12|0x00000000c9a00000, 0x00000000c9a00000, 0x00000000c9b00000|  0%| F|  |TAMS 0x00000000c9a00000, 0x00000000c9a00000| Untracked 
|  13|0x00000000c9b00000, 0x00000000c9b00000, 0x00000000c9c00000|  0%| F|  |TAMS 0x00000000c9b00000, 0x00000000c9b00000| Untracked 
|  14|0x00000000c9c00000, 0x00000000c9c00000, 0x00000000c9d00000|  0%| F|  |TAMS 0x00000000c9c00000, 0x00000000c9c00000| Untracked 
|  15|0x00000000c9d00000, 0x00000000c9d00000, 0x00000000c9e00000|  0%| F|  |TAMS 0x00000000c9d00000, 0x00000000c9d00000| Untracked 
|  16|0x00000000c9e00000, 0x00000000c9e00000, 0x00000000c9f00000|  0%| F|  |TAMS 0x00000000c9e00000, 0x00000000c9e00000| Untracked 
|  17|0x00000000c9f00000, 0x00000000c9f00000, 0x00000000ca000000|  0%| F|  |TAMS 0x00000000c9f00000, 0x00000000c9f00000| Untracked 
|  18|0x00000000ca000000, 0x00000000ca000000, 0x00000000ca100000|  0%| F|  |TAMS 0x00000000ca000000, 0x00000000ca000000| Untracked 
|  19|0x00000000ca100000, 0x00000000ca100000, 0x00000000ca200000|  0%| F|  |TAMS 0x00000000ca100000, 0x00000000ca100000| Untracked 
|  20|0x00000000ca200000, 0x00000000ca200000, 0x00000000ca300000|  0%| F|  |TAMS 0x00000000ca200000, 0x00000000ca200000| Untracked 
|  21|0x00000000ca300000, 0x00000000ca300000, 0x00000000ca400000|  0%| F|  |TAMS 0x00000000ca300000, 0x00000000ca300000| Untracked 
|  22|0x00000000ca400000, 0x00000000ca400000, 0x00000000ca500000|  0%| F|  |TAMS 0x00000000ca400000, 0x00000000ca400000| Untracked 
|  23|0x00000000ca500000, 0x00000000ca500000, 0x00000000ca600000|  0%| F|  |TAMS 0x00000000ca500000, 0x00000000ca500000| Untracked 
|  24|0x00000000ca600000, 0x00000000ca600000, 0x00000000ca700000|  0%| F|  |TAMS 0x00000000ca600000, 0x00000000ca600000| Untracked 
|  25|0x00000000ca700000, 0x00000000ca700000, 0x00000000ca800000|  0%| F|  |TAMS 0x00000000ca700000, 0x00000000ca700000| Untracked 
|  26|0x00000000ca800000, 0x00000000ca800000, 0x00000000ca900000|  0%| F|  |TAMS 0x00000000ca800000, 0x00000000ca800000| Untracked 
|  27|0x00000000ca900000, 0x00000000ca900000, 0x00000000caa00000|  0%| F|  |TAMS 0x00000000ca900000, 0x00000000ca900000| Untracked 
|  28|0x00000000caa00000, 0x00000000caa00000, 0x00000000cab00000|  0%| F|  |TAMS 0x00000000caa00000, 0x00000000caa00000| Untracked 
|  29|0x00000000cab00000, 0x00000000cab00000, 0x00000000cac00000|  0%| F|  |TAMS 0x00000000cab00000, 0x00000000cab00000| Untracked 
|  30|0x00000000cac00000, 0x00000000cac00000, 0x00000000cad00000|  0%| F|  |TAMS 0x00000000cac00000, 0x00000000cac00000| Untracked 
|  31|0x00000000cad00000, 0x00000000cad00000, 0x00000000cae00000|  0%| F|  |TAMS 0x00000000cad00000, 0x00000000cad00000| Untracked 
|  32|0x00000000cae00000, 0x00000000cae00000, 0x00000000caf00000|  0%| F|  |TAMS 0x00000000cae00000, 0x00000000cae00000| Untracked 
|  33|0x00000000caf00000, 0x00000000caf00000, 0x00000000cb000000|  0%| F|  |TAMS 0x00000000caf00000, 0x00000000caf00000| Untracked 
|  34|0x00000000cb000000, 0x00000000cb000000, 0x00000000cb100000|  0%| F|  |TAMS 0x00000000cb000000, 0x00000000cb000000| Untracked 
|  35|0x00000000cb100000, 0x00000000cb100000, 0x00000000cb200000|  0%| F|  |TAMS 0x00000000cb100000, 0x00000000cb100000| Untracked 
|  36|0x00000000cb200000, 0x00000000cb200000, 0x00000000cb300000|  0%| F|  |TAMS 0x00000000cb200000, 0x00000000cb200000| Untracked 
|  37|0x00000000cb300000, 0x00000000cb300000, 0x00000000cb400000|  0%| F|  |TAMS 0x00000000cb300000, 0x00000000cb300000| Untracked 
|  38|0x00000000cb400000, 0x00000000cb400000, 0x00000000cb500000|  0%| F|  |TAMS 0x00000000cb400000, 0x00000000cb400000| Untracked 
|  39|0x00000000cb500000, 0x00000000cb500000, 0x00000000cb600000|  0%| F|  |TAMS 0x00000000cb500000, 0x00000000cb500000| Untracked 
|  40|0x00000000cb600000, 0x00000000cb600000, 0x00000000cb700000|  0%| F|  |TAMS 0x00000000cb600000, 0x00000000cb600000| Untracked 
|  41|0x00000000cb700000, 0x00000000cb700000, 0x00000000cb800000|  0%| F|  |TAMS 0x00000000cb700000, 0x00000000cb700000| Untracked 
|  42|0x00000000cb800000, 0x00000000cb800000, 0x00000000cb900000|  0%| F|  |TAMS 0x00000000cb800000, 0x00000000cb800000| Untracked 
|  43|0x00000000cb900000, 0x00000000cb91e040, 0x00000000cba00000| 11%| E|  |TAMS 0x00000000cb900000, 0x00000000cb900000| Complete 
|  44|0x00000000cba00000, 0x00000000cba7efe0, 0x00000000cbb00000| 49%| S|CS|TAMS 0x00000000cba00000, 0x00000000cba00000| Complete 
|  45|0x00000000cbb00000, 0x00000000cbc00000, 0x00000000cbc00000|100%| S|CS|TAMS 0x00000000cbb00000, 0x00000000cbb00000| Complete 
|  46|0x00000000cbc00000, 0x00000000cbd00000, 0x00000000cbd00000|100%| E|CS|TAMS 0x00000000cbc00000, 0x00000000cbc00000| Complete 
|  47|0x00000000cbd00000, 0x00000000cbe00000, 0x00000000cbe00000|100%| E|CS|TAMS 0x00000000cbd00000, 0x00000000cbd00000| Complete 
|  48|0x00000000cbe00000, 0x00000000cbf00000, 0x00000000cbf00000|100%| E|CS|TAMS 0x00000000cbe00000, 0x00000000cbe00000| Complete 
|  49|0x00000000cbf00000, 0x00000000cc000000, 0x00000000cc000000|100%| E|CS|TAMS 0x00000000cbf00000, 0x00000000cbf00000| Complete 
|  50|0x00000000cc000000, 0x00000000cc100000, 0x00000000cc100000|100%| E|CS|TAMS 0x00000000cc000000, 0x00000000cc000000| Complete 
|  51|0x00000000cc100000, 0x00000000cc200000, 0x00000000cc200000|100%| E|CS|TAMS 0x00000000cc100000, 0x00000000cc100000| Complete 
|  52|0x00000000cc200000, 0x00000000cc300000, 0x00000000cc300000|100%| E|CS|TAMS 0x00000000cc200000, 0x00000000cc200000| Complete 
|  53|0x00000000cc300000, 0x00000000cc400000, 0x00000000cc400000|100%| E|CS|TAMS 0x00000000cc300000, 0x00000000cc300000| Complete 
|  54|0x00000000cc400000, 0x00000000cc500000, 0x00000000cc500000|100%| E|CS|TAMS 0x00000000cc400000, 0x00000000cc400000| Complete 
|  55|0x00000000cc500000, 0x00000000cc600000, 0x00000000cc600000|100%| E|CS|TAMS 0x00000000cc500000, 0x00000000cc500000| Complete 

Card table byte_map: [0x000002c53d9c0000,0x000002c53db80000] _byte_map_base: 0x000002c53d379000

Marking Bits (Prev, Next): (CMBitMap*) 0x000002c525181c00, (CMBitMap*) 0x000002c525181c40
 Prev Bits: [0x000002c53dd40000, 0x000002c53eb08000)
 Next Bits: [0x000002c53eb10000, 0x000002c53f8d8000)

Polling page: 0x000002c52e1b0000

Metaspace:

Usage:
  Non-class:     10.46 MB used.
      Class:      1.43 MB used.
       Both:     11.89 MB used.

Virtual space:
  Non-class space:       64.00 MB reserved,      10.62 MB ( 17%) committed,  1 nodes.
      Class space:        1.00 GB reserved,       1.56 MB ( <1%) committed,  1 nodes.
             Both:        1.06 GB reserved,      12.19 MB (  1%) committed. 

Chunk freelists:
   Non-Class:  5.30 MB
       Class:  14.33 MB
        Both:  19.63 MB

MaxMetaspaceSize: unlimited
CompressedClassSpaceSize: 1.00 GB
Initial GC threshold: 21.00 MB
Current GC threshold: 21.00 MB
CDS: on
MetaspaceReclaimPolicy: balanced
 - commit_granule_bytes: 65536.
 - commit_granule_words: 8192.
 - virtual_space_node_default_size: 8388608.
 - enlarge_chunks_in_place: 1.
 - new_chunks_are_fully_committed: 0.
 - uncommit_free_chunks: 1.
 - use_allocation_guard: 0.
 - handle_deallocations: 1.


Internal statistics:

num_allocs_failed_limit: 0.
num_arena_births: 248.
num_arena_deaths: 0.
num_vsnodes_births: 2.
num_vsnodes_deaths: 0.
num_space_committed: 195.
num_space_uncommitted: 0.
num_chunks_returned_to_freelist: 0.
num_chunks_taken_from_freelist: 511.
num_chunk_merges: 0.
num_chunk_splits: 292.
num_chunks_enlarged: 187.
num_inconsistent_stats: 0.

CodeHeap 'non-profiled nmethods': size=120000Kb used=614Kb max_used=614Kb free=119385Kb
 bounds [0x000002c535ca0000, 0x000002c535f10000, 0x000002c53d1d0000]
CodeHeap 'profiled nmethods': size=120000Kb used=4345Kb max_used=4345Kb free=115655Kb
 bounds [0x000002c52e1d0000, 0x000002c52e610000, 0x000002c535700000]
CodeHeap 'non-nmethods': size=5760Kb used=1211Kb max_used=1252Kb free=4549Kb
 bounds [0x000002c535700000, 0x000002c535970000, 0x000002c535ca0000]
 total_blobs=2724 nmethods=2219 adapters=417
 compilation: enabled
              stopped_count=0, restarted_count=0
 full_count=0

Compilation events (20 events):
Event: 129.383 Thread 0x000002c541f04200 nmethod 2209 0x000002c52e60a110 code [0x000002c52e60a2c0, 0x000002c52e60a588]
Event: 129.914 Thread 0x000002c541f04200 2210       3       java.util.concurrent.locks.LockSupport::parkNanos (29 bytes)
Event: 129.914 Thread 0x000002c541f04200 nmethod 2210 0x000002c52e60a690 code [0x000002c52e60a860, 0x000002c52e60aa68]
Event: 130.250 Thread 0x000002c52520bd20 2211       4       java.nio.HeapByteBuffer::get (14 bytes)
Event: 130.262 Thread 0x000002c52520bd20 nmethod 2211 0x000002c535d38f10 code [0x000002c535d39080, 0x000002c535d39158]
Event: 130.428 Thread 0x000002c52520bd20 2212       4       jdk.internal.net.http.Http1HeaderParser::get (10 bytes)
Event: 130.429 Thread 0x000002c52520bd20 nmethod 2212 0x000002c535d39290 code [0x000002c535d39420, 0x000002c535d39538]
Event: 130.430 Thread 0x000002c541f04200 2213       3       java.util.concurrent.CompletableFuture$UniRelay::tryFire (61 bytes)
Event: 130.431 Thread 0x000002c541f04200 nmethod 2213 0x000002c52e60ab90 code [0x000002c52e60ae60, 0x000002c52e60bd48]
Event: 130.434 Thread 0x000002c541f04200 2214       3       java.lang.StringBuilder::<init> (6 bytes)
Event: 130.434 Thread 0x000002c541f04200 nmethod 2214 0x000002c52e60c210 code [0x000002c52e60c3a0, 0x000002c52e60c4e8]
Event: 130.434 Thread 0x000002c541f04200 2215       3       java.lang.AbstractStringBuilder::<init> (63 bytes)
Event: 130.435 Thread 0x000002c541f04200 nmethod 2215 0x000002c52e60c590 code [0x000002c52e60c780, 0x000002c52e60cd18]
Event: 131.445 Thread 0x000002c541f04200 2217       3       java.util.concurrent.ThreadPoolExecutor$Worker::unlock (7 bytes)
Event: 131.445 Thread 0x000002c541f04200 nmethod 2217 0x000002c52e60cf10 code [0x000002c52e60d0c0, 0x000002c52e60d328]
Event: 131.446 Thread 0x000002c541f04200 2218       3       java.util.concurrent.ThreadPoolExecutor$Worker::tryRelease (12 bytes)
Event: 131.446 Thread 0x000002c541f04200 nmethod 2218 0x000002c52e60d410 code [0x000002c52e60d5a0, 0x000002c52e60d718]
Event: 131.846 Thread 0x000002c541f04200 2219   !   3       sun.nio.ch.SelectorImpl::lockAndDoSelect (87 bytes)
Event: 131.847 Thread 0x000002c541f04200 nmethod 2219 0x000002c52e60d790 code [0x000002c52e60d9a0, 0x000002c52e60e008]
Event: 131.849 Thread 0x000002c52520bd20 2220 %     4       org.openqa.selenium.json.JsonInput::readString @ 16 (106 bytes)

GC Heap History (4 events):
Event: 2.629 GC heap before
{Heap before GC invocations=0 (full 0):
 garbage-first heap   total 57344K, used 13312K [0x00000000c8e00000, 0x0000000100000000)
  region size 1024K, 13 young (13312K), 0 survivors (0K)
 Metaspace       used 6163K, committed 6400K, reserved 1114112K
  class space    used 727K, committed 832K, reserved 1048576K
}
Event: 2.641 GC heap after
{Heap after GC invocations=1 (full 0):
 garbage-first heap   total 57344K, used 5097K [0x00000000c8e00000, 0x0000000100000000)
  region size 1024K, 2 young (2048K), 2 survivors (2048K)
 Metaspace       used 6163K, committed 6400K, reserved 1114112K
  class space    used 727K, committed 832K, reserved 1048576K
}
Event: 4.753 GC heap before
{Heap before GC invocations=1 (full 0):
 garbage-first heap   total 57344K, used 15337K [0x00000000c8e00000, 0x0000000100000000)
  region size 1024K, 12 young (12288K), 2 survivors (2048K)
 Metaspace       used 10875K, committed 11136K, reserved 1114112K
  class space    used 1331K, committed 1472K, reserved 1048576K
}
Event: 4.763 GC heap after
{Heap after GC invocations=2 (full 0):
 garbage-first heap   total 57344K, used 7023K [0x00000000c8e00000, 0x0000000100000000)
  region size 1024K, 2 young (2048K), 2 survivors (2048K)
 Metaspace       used 10875K, committed 11136K, reserved 1114112K
  class space    used 1331K, committed 1472K, reserved 1048576K
}

Deoptimization events (20 events):
Event: 3.155 Thread 0x000002c587a96e60 Uncommon trap: trap_request=0xffffffde fr.pc=0x000002c535d08e2c relative=0x000000000000010c
Event: 3.155 Thread 0x000002c587a96e60 Uncommon trap: reason=class_check action=maybe_recompile pc=0x000002c535d08e2c method=jdk.internal.misc.Unsafe.allocateUninitializedArray(Ljava/lang/Class;I)Ljava/lang/Object; @ 51 c2
Event: 3.155 Thread 0x000002c587a96e60 DEOPT PACKING pc=0x000002c535d08e2c sp=0x000000ed05bfe250
Event: 3.155 Thread 0x000002c587a96e60 DEOPT UNPACKING pc=0x000002c5357523a3 sp=0x000000ed05bfe1d8 mode 2
Event: 3.156 Thread 0x000002c587a96e60 Uncommon trap: trap_request=0xffffffde fr.pc=0x000002c535d08e2c relative=0x000000000000010c
Event: 3.156 Thread 0x000002c587a96e60 Uncommon trap: reason=class_check action=maybe_recompile pc=0x000002c535d08e2c method=jdk.internal.misc.Unsafe.allocateUninitializedArray(Ljava/lang/Class;I)Ljava/lang/Object; @ 51 c2
Event: 3.156 Thread 0x000002c587a96e60 DEOPT PACKING pc=0x000002c535d08e2c sp=0x000000ed05bfdb60
Event: 3.156 Thread 0x000002c587a96e60 DEOPT UNPACKING pc=0x000002c5357523a3 sp=0x000000ed05bfdae8 mode 2
Event: 3.156 Thread 0x000002c587a96e60 Uncommon trap: trap_request=0xffffffde fr.pc=0x000002c535d08e2c relative=0x000000000000010c
Event: 3.156 Thread 0x000002c587a96e60 Uncommon trap: reason=class_check action=maybe_recompile pc=0x000002c535d08e2c method=jdk.internal.misc.Unsafe.allocateUninitializedArray(Ljava/lang/Class;I)Ljava/lang/Object; @ 51 c2
Event: 3.156 Thread 0x000002c587a96e60 DEOPT PACKING pc=0x000002c535d08e2c sp=0x000000ed05bfdb20
Event: 3.156 Thread 0x000002c587a96e60 DEOPT UNPACKING pc=0x000002c5357523a3 sp=0x000000ed05bfdaa8 mode 2
Event: 4.671 Thread 0x000002c525148710 Uncommon trap: trap_request=0xffffffde fr.pc=0x000002c535ce9e94 relative=0x0000000000000474
Event: 4.671 Thread 0x000002c525148710 Uncommon trap: reason=class_check action=maybe_recompile pc=0x000002c535ce9e94 method=java.util.HashMap.putVal(ILjava/lang/Object;Ljava/lang/Object;ZZ)Ljava/lang/Object; @ 253 c2
Event: 4.671 Thread 0x000002c525148710 DEOPT PACKING pc=0x000002c535ce9e94 sp=0x000000ed039fe6c0
Event: 4.671 Thread 0x000002c525148710 DEOPT UNPACKING pc=0x000002c5357523a3 sp=0x000000ed039fe660 mode 2
Event: 4.891 Thread 0x000002c525148710 DEOPT PACKING pc=0x000002c52e42b141 sp=0x000000ed039fe0f0
Event: 4.891 Thread 0x000002c525148710 DEOPT UNPACKING pc=0x000002c535752b43 sp=0x000000ed039fd600 mode 0
Event: 102.341 Thread 0x000002c525148710 DEOPT PACKING pc=0x000002c52e4e488c sp=0x000000ed039fec60
Event: 102.342 Thread 0x000002c525148710 DEOPT UNPACKING pc=0x000002c535752b43 sp=0x000000ed039fe110 mode 0

Classes unloaded (0 events):
No events

Classes redefined (0 events):
No events

Internal exceptions (20 events):
Event: 2.796 Thread 0x000002c525148710 Exception <a 'java/lang/NoSuchMethodError'{0x00000000cc34ecb0}: 'java.lang.Object java.lang.invoke.DirectMethodHandle$Holder.invokeStaticInit(java.lang.Object, java.lang.Object, int, int, int, int)'> (0x00000000cc34ecb0) 
thrown [s\open\src\hotspot\share\interpreter\linkResolver.cpp, line 759]
Event: 2.909 Thread 0x000002c525148710 Exception <a 'java/lang/NoSuchMethodError'{0x00000000cc285f30}: 'java.lang.Object java.lang.invoke.DirectMethodHandle$Holder.invokeInterface(java.lang.Object, java.lang.Object, java.lang.Object)'> (0x00000000cc285f30) 
thrown [s\open\src\hotspot\share\interpreter\linkResolver.cpp, line 759]
Event: 2.909 Thread 0x000002c525148710 Exception <a 'java/lang/IncompatibleClassChangeError'{0x00000000cc289850}: Found class java.lang.Object, but interface was expected> (0x00000000cc289850) 
thrown [s\open\src\hotspot\share\interpreter\linkResolver.cpp, line 826]
Event: 2.911 Thread 0x000002c525148710 Exception <a 'java/lang/NoSuchMethodError'{0x00000000cc291bd8}: 'int java.lang.invoke.DirectMethodHandle$Holder.invokeSpecialIFC(java.lang.Object, java.lang.Object, java.lang.Object, java.lang.Object)'> (0x00000000cc291bd8) 
thrown [s\open\src\hotspot\share\interpreter\linkResolver.cpp, line 759]
Event: 2.918 Thread 0x000002c525148710 Exception <a 'java/lang/NoSuchMethodError'{0x00000000cc2b7380}: 'java.lang.Object java.lang.invoke.DirectMethodHandle$Holder.invokeVirtual(java.lang.Object, java.lang.Object, java.lang.Object, java.lang.Object)'> (0x00000000cc2b7380) 
thrown [s\open\src\hotspot\share\interpreter\linkResolver.cpp, line 759]
Event: 2.955 Thread 0x000002c587a95f30 Exception <a 'java/net/ConnectException'{0x00000000cc120f50}: Connection refused: no further information> (0x00000000cc120f50) 
thrown [s\open\src\hotspot\share\prims\jni.cpp, line 535]
Event: 2.955 Thread 0x000002c587a95f30 Exception <a 'java/net/SocketException'{0x00000000cc121288}: Socket is not connected: shutdown> (0x00000000cc121288) 
thrown [s\open\src\hotspot\share\prims\jni.cpp, line 535]
Event: 2.967 Thread 0x000002c587a95f30 Exception <a 'java/net/ConnectException'{0x00000000cc122280}: Connection refused: no further information> (0x00000000cc122280) 
thrown [s\open\src\hotspot\share\prims\jni.cpp, line 535]
Event: 2.967 Thread 0x000002c587a95f30 Exception <a 'java/net/SocketException'{0x00000000cc1225b8}: Socket is not connected: shutdown> (0x00000000cc1225b8) 
thrown [s\open\src\hotspot\share\prims\jni.cpp, line 535]
Event: 3.038 Thread 0x000002c525148710 Exception <a 'java/lang/NoSuchMethodError'{0x00000000cc1fb868}: 'java.lang.Object java.lang.invoke.DirectMethodHandle$Holder.newInvokeSpecial(java.lang.Object, java.lang.Object, int, int)'> (0x00000000cc1fb868) 
thrown [s\open\src\hotspot\share\interpreter\linkResolver.cpp, line 759]
Event: 3.039 Thread 0x000002c525148710 Exception <a 'java/lang/NoSuchMethodError'{0x00000000cc006b68}: 'void java.lang.invoke.DirectMethodHandle$Holder.invokeStatic(java.lang.Object, java.lang.Object, int)'> (0x00000000cc006b68) 
thrown [s\open\src\hotspot\share\interpreter\linkResolver.cpp, line 759]
Event: 3.059 Thread 0x000002c525148710 Exception <a 'java/lang/NoSuchMethodError'{0x00000000cc085300}: 'java.lang.Object java.lang.invoke.DirectMethodHandle$Holder.newInvokeSpecial(java.lang.Object, java.lang.Object, java.lang.Object, java.lang.Object, java.lang.Object)'> (0x00000000cc085300) 
thrown [s\open\src\hotspot\share\interpreter\linkResolver.cpp, line 759]
Event: 3.118 Thread 0x000002c587a95510 Exception <a 'java/lang/NoSuchMethodError'{0x00000000cbfa3168}: 'java.lang.Object java.lang.invoke.DirectMethodHandle$Holder.invokeSpecial(java.lang.Object, java.lang.Object, java.lang.Object, java.lang.Object, int)'> (0x00000000cbfa3168) 
thrown [s\open\src\hotspot\share\interpreter\linkResolver.cpp, line 759]
Event: 3.118 Thread 0x000002c587a95510 Exception <a 'java/lang/NoSuchMethodError'{0x00000000cbfa6d30}: 'java.lang.Object java.lang.invoke.Invokers$Holder.linkToTargetMethod(java.lang.Object, java.lang.Object, int, java.lang.Object)'> (0x00000000cbfa6d30) 
thrown [s\open\src\hotspot\share\interpreter\linkResolver.cpp, line 759]
Event: 3.129 Thread 0x000002c587a95510 Exception <a 'java/lang/NoSuchMethodError'{0x00000000cbfca4b8}: 'void java.lang.invoke.DirectMethodHandle$Holder.invokeSpecial(java.lang.Object, java.lang.Object, java.lang.Object)'> (0x00000000cbfca4b8) 
thrown [s\open\src\hotspot\share\interpreter\linkResolver.cpp, line 759]
Event: 3.139 Thread 0x000002c587a95510 Exception <a 'java/lang/NoSuchMethodError'{0x00000000cbffd578}: 'void java.lang.invoke.DirectMethodHandle$Holder.invokeSpecial(java.lang.Object, java.lang.Object, java.lang.Object, java.lang.Object, java.lang.Object)'> (0x00000000cbffd578) 
thrown [s\open\src\hotspot\share\interpreter\linkResolver.cpp, line 759]
Event: 4.639 Thread 0x000002c587a96e60 Exception <a 'java/lang/NoSuchMethodError'{0x00000000cbd05a48}: 'void java.lang.invoke.DirectMethodHandle$Holder.invokeSpecial(java.lang.Object, java.lang.Object, java.lang.Object, java.lang.Object, java.lang.Object, java.lang.Object, java.lang.Object)'> (0x00000000cbd05a48) 
thrown [s\open\src\hotspot\share\interpreter\linkResolver.cpp, line 759]
Event: 4.656 Thread 0x000002c525148710 Exception <a 'java/lang/NoSuchMethodError'{0x00000000cc0fd9a8}: 'java.lang.Object java.lang.invoke.DirectMethodHandle$Holder.invokeSpecialIFC(java.lang.Object, java.lang.Object, java.lang.Object)'> (0x00000000cc0fd9a8) 
thrown [s\open\src\hotspot\share\interpreter\linkResolver.cpp, line 759]
Event: 96.310 Thread 0x000002c525148710 Exception <a 'java/lang/ClassNotFoundException'{0x00000000cc2422d0}: sun/util/logging/resources/spi/loggingProvider> (0x00000000cc2422d0) 
thrown [s\open\src\hotspot\share\classfile\systemDictionary.cpp, line 256]
Event: 96.697 Thread 0x000002c525148710 Exception <a 'java/lang/NoSuchMethodError'{0x00000000cc15ab20}: 'java.lang.Object java.lang.invoke.Invokers$Holder.invokeExact_MT(java.lang.Object, java.lang.Object, java.lang.Object, java.lang.Object, java.lang.Object, java.lang.Object)'> (0x00000000cc15ab20) 
thrown [s\open\src\hotspot\share\interpreter\linkResolver.cpp, line 759]

VM Operations (20 events):
Event: 120.076 Executing VM operation: Cleanup
Event: 120.076 Executing VM operation: Cleanup done
Event: 120.321 Executing VM operation: HandshakeAllThreads
Event: 120.323 Executing VM operation: HandshakeAllThreads done
Event: 122.344 Executing VM operation: Cleanup
Event: 122.344 Executing VM operation: Cleanup done
Event: 123.355 Executing VM operation: Cleanup
Event: 123.355 Executing VM operation: Cleanup done
Event: 124.368 Executing VM operation: Cleanup
Event: 124.368 Executing VM operation: Cleanup done
Event: 126.393 Executing VM operation: Cleanup
Event: 126.393 Executing VM operation: Cleanup done
Event: 127.394 Executing VM operation: Cleanup
Event: 127.394 Executing VM operation: Cleanup done
Event: 128.408 Executing VM operation: Cleanup
Event: 128.408 Executing VM operation: Cleanup done
Event: 129.424 Executing VM operation: Cleanup
Event: 129.462 Executing VM operation: Cleanup done
Event: 130.467 Executing VM operation: Cleanup
Event: 130.604 Executing VM operation: Cleanup done

Events (20 events):
Event: 96.337 loading class java/time/ZonedDateTime$1
Event: 96.338 loading class java/time/ZonedDateTime$1 done
Event: 96.350 loading class sun/util/resources/LocaleData$CommonResourceBundleProvider
Event: 96.351 loading class sun/util/resources/LocaleData$LocaleDataResourceBundleProvider
Event: 96.351 loading class java/util/spi/ResourceBundleProvider
Event: 96.351 loading class java/util/spi/ResourceBundleProvider done
Event: 96.351 loading class sun/util/resources/LocaleData$LocaleDataResourceBundleProvider done
Event: 96.351 loading class sun/util/resources/LocaleData$CommonResourceBundleProvider done
Event: 96.354 loading class java/util/ArrayList$SubList$1
Event: 96.355 loading class java/util/ArrayList$SubList$1 done
Event: 96.355 loading class sun/text/resources/cldr/FormatData_en
Event: 96.362 loading class sun/text/resources/cldr/FormatData_en done
Event: 96.363 loading class sun/util/resources/Bundles$2
Event: 96.363 loading class sun/util/resources/Bundles$2 done
Event: 96.370 loading class java/lang/InstantiationException
Event: 96.371 loading class java/lang/InstantiationException done
Event: 96.733 loading class java/util/TreeMap$EntrySpliterator
Event: 96.735 loading class java/util/TreeMap$EntrySpliterator done
Event: 96.738 loading class java/util/stream/SortedOps$SizedRefSortingSink
Event: 96.749 loading class java/util/stream/SortedOps$SizedRefSortingSink done


Dynamic libraries:
0x00007ff6cb520000 - 0x00007ff6cb530000 	C:\Program Files\Java\jdk-17\bin\javaw.exe
0x00007ffd97d50000 - 0x00007ffd97f67000 	C:\WINDOWS\SYSTEM32\ntdll.dll
0x00007ffd96240000 - 0x00007ffd96304000 	C:\WINDOWS\System32\KERNEL32.DLL
0x00007ffd950e0000 - 0x00007ffd9549a000 	C:\WINDOWS\System32\KERNELBASE.dll
0x00007ffd954a0000 - 0x00007ffd955b1000 	C:\WINDOWS\System32\ucrtbase.dll
0x00007ffd90b50000 - 0x00007ffd90b69000 	C:\Program Files\Java\jdk-17\bin\jli.dll
0x00007ffd97c50000 - 0x00007ffd97d02000 	C:\WINDOWS\System32\ADVAPI32.dll
0x00007ffd97950000 - 0x00007ffd979f7000 	C:\WINDOWS\System32\msvcrt.dll
0x00007ffd96b80000 - 0x00007ffd96c27000 	C:\WINDOWS\System32\sechost.dll
0x00007ffd95a20000 - 0x00007ffd95a48000 	C:\WINDOWS\System32\bcrypt.dll
0x00007ffd95c10000 - 0x00007ffd95d24000 	C:\WINDOWS\System32\RPCRT4.dll
0x00007ffd97aa0000 - 0x00007ffd97c4e000 	C:\WINDOWS\System32\USER32.dll
0x00007ffd955c0000 - 0x00007ffd955e6000 	C:\WINDOWS\System32\win32u.dll
0x00007ffd96580000 - 0x00007ffd965a9000 	C:\WINDOWS\System32\GDI32.dll
0x00007ffd95900000 - 0x00007ffd95a1b000 	C:\WINDOWS\System32\gdi32full.dll
0x00007ffd955f0000 - 0x00007ffd9568a000 	C:\WINDOWS\System32\msvcp_win.dll
0x00007ffd8e4c0000 - 0x00007ffd8e4db000 	C:\Program Files\Java\jdk-17\bin\VCRUNTIME140.dll
0x00007ffd86fd0000 - 0x00007ffd87262000 	C:\WINDOWS\WinSxS\amd64_microsoft.windows.common-controls_6595b64144ccf1df_6.0.22621.4541_none_2710d1c57384c085\COMCTL32.dll
0x00007ffd8ece0000 - 0x00007ffd8ecea000 	C:\WINDOWS\SYSTEM32\VERSION.dll
0x00007ffd96b40000 - 0x00007ffd96b71000 	C:\WINDOWS\System32\IMM32.DLL
0x00007ffd91c70000 - 0x00007ffd91c7c000 	C:\Program Files\Java\jdk-17\bin\vcruntime140_1.dll
0x00007ffd798b0000 - 0x00007ffd7993e000 	C:\Program Files\Java\jdk-17\bin\msvcp140.dll
0x00007ffd3db00000 - 0x00007ffd3e6e0000 	C:\Program Files\Java\jdk-17\bin\server\jvm.dll
0x00007ffd967a0000 - 0x00007ffd967a8000 	C:\WINDOWS\System32\PSAPI.DLL
0x00007ffd91390000 - 0x00007ffd913c4000 	C:\WINDOWS\SYSTEM32\WINMM.dll
0x00007ffd78070000 - 0x00007ffd78079000 	C:\WINDOWS\SYSTEM32\WSOCK32.dll
0x00007ffd97670000 - 0x00007ffd976e1000 	C:\WINDOWS\System32\ws2_32.DLL
0x00007ffd94060000 - 0x00007ffd94078000 	C:\WINDOWS\SYSTEM32\kernel.appcore.dll
0x00007ffd90660000 - 0x00007ffd9066a000 	C:\Program Files\Java\jdk-17\bin\jimage.dll
0x00007ffd80750000 - 0x00007ffd80982000 	C:\WINDOWS\SYSTEM32\DBGHELP.DLL
0x00007ffd967b0000 - 0x00007ffd96b3f000 	C:\WINDOWS\System32\combase.dll
0x00007ffd96610000 - 0x00007ffd966e7000 	C:\WINDOWS\System32\OLEAUT32.dll
0x00007ffd80480000 - 0x00007ffd804b2000 	C:\WINDOWS\SYSTEM32\dbgcore.DLL
0x00007ffd95690000 - 0x00007ffd9570b000 	C:\WINDOWS\System32\bcryptPrimitives.dll
0x00007ffd8e430000 - 0x00007ffd8e455000 	C:\Program Files\Java\jdk-17\bin\java.dll
0x00007ffd6ce10000 - 0x00007ffd6cee7000 	C:\Program Files\Java\jdk-17\bin\jsvml.dll
0x00007ffd96c40000 - 0x00007ffd974b8000 	C:\WINDOWS\System32\SHELL32.dll
0x00007ffd92f60000 - 0x00007ffd93868000 	C:\WINDOWS\SYSTEM32\windows.storage.dll
0x00007ffd92e20000 - 0x00007ffd92f5f000 	C:\WINDOWS\SYSTEM32\wintypes.dll
0x00007ffd96310000 - 0x00007ffd9640a000 	C:\WINDOWS\System32\SHCORE.dll
0x00007ffd96740000 - 0x00007ffd9679e000 	C:\WINDOWS\System32\shlwapi.dll
0x00007ffd94f50000 - 0x00007ffd94f7b000 	C:\WINDOWS\SYSTEM32\profapi.dll
0x00007ffd85a70000 - 0x00007ffd85a89000 	C:\Program Files\Java\jdk-17\bin\net.dll
0x00007ffd8eb30000 - 0x00007ffd8ec66000 	C:\WINDOWS\SYSTEM32\WINHTTP.dll
0x00007ffd944e0000 - 0x00007ffd94549000 	C:\WINDOWS\system32\mswsock.dll
0x00007ffd82d30000 - 0x00007ffd82d46000 	C:\Program Files\Java\jdk-17\bin\nio.dll
0x00007ffd7fa50000 - 0x00007ffd7fa68000 	C:\Program Files\Java\jdk-17\bin\zip.dll
0x00007ffd93b40000 - 0x00007ffd93c42000 	C:\WINDOWS\SYSTEM32\DNSAPI.dll
0x00007ffd93ad0000 - 0x00007ffd93afd000 	C:\WINDOWS\SYSTEM32\IPHLPAPI.DLL
0x00007ffd974e0000 - 0x00007ffd974e9000 	C:\WINDOWS\System32\NSI.dll
0x00007ffd82b90000 - 0x00007ffd82b9a000 	C:\Windows\System32\rasadhlp.dll
0x00007ffd86e50000 - 0x00007ffd86ed3000 	C:\WINDOWS\System32\fwpuclnt.dll
0x00007ffd8dce0000 - 0x00007ffd8dcea000 	C:\Program Files\Java\jdk-17\bin\management.dll
0x00007ffd8dcb0000 - 0x00007ffd8dcbb000 	C:\Program Files\Java\jdk-17\bin\management_ext.dll
0x00007ffd90cb0000 - 0x00007ffd90d47000 	C:\WINDOWS\system32\apphelp.dll
0x00007ffd8c510000 - 0x00007ffd8c51e000 	C:\Program Files\Java\jdk-17\bin\sunmscapi.dll
0x00007ffd95790000 - 0x00007ffd958f6000 	C:\WINDOWS\System32\CRYPT32.dll
0x00007ffd948f0000 - 0x00007ffd9491d000 	C:\WINDOWS\SYSTEM32\ncrypt.dll
0x00007ffd948b0000 - 0x00007ffd948e7000 	C:\WINDOWS\SYSTEM32\NTASN1.dll
0x00007ffd94730000 - 0x00007ffd9474b000 	C:\WINDOWS\SYSTEM32\CRYPTSP.dll
0x00007ffd93fc0000 - 0x00007ffd93ff5000 	C:\WINDOWS\system32\rsaenh.dll
0x00007ffd945d0000 - 0x00007ffd945f8000 	C:\WINDOWS\SYSTEM32\USERENV.dll
0x00007ffd94750000 - 0x00007ffd9475c000 	C:\WINDOWS\SYSTEM32\CRYPTBASE.dll
0x00007ffd8e9c0000 - 0x00007ffd8e9d9000 	C:\WINDOWS\SYSTEM32\dhcpcsvc6.DLL
0x00007ffd8e9a0000 - 0x00007ffd8e9bf000 	C:\WINDOWS\SYSTEM32\dhcpcsvc.DLL
0x00007ffd84030000 - 0x00007ffd84038000 	C:\WINDOWS\system32\wshunix.dll

dbghelp: loaded successfully - version: 4.0.5 - missing functions: none
symbol engine: initialized successfully - sym options: 0x614 - pdb path: .;C:\Program Files\Java\jdk-17\bin;C:\WINDOWS\SYSTEM32;C:\WINDOWS\WinSxS\amd64_microsoft.windows.common-controls_6595b64144ccf1df_6.0.22621.4541_none_2710d1c57384c085;C:\Program Files\Java\jdk-17\bin\server

VM Arguments:
jvm_args: -Dfile.encoding=UTF-8 -Dstdout.encoding=UTF-8 -Dstderr.encoding=UTF-8 -XX:+ShowCodeDetailsInExceptionMessages 
java_command: com.test.YahooFinanceTest
java_class_path (initial): C:\Users\acer\eclipse-workspace\TestClass\target\test-classes;C:\Users\acer\eclipse-workspace\TestClass\target\classes;C:\Users\acer\.m2\repository\org\seleniumhq\selenium\selenium-java\4.28.1\selenium-java-4.28.1.jar;C:\Users\acer\.m2\repository\org\seleniumhq\selenium\selenium-api\4.28.1\selenium-api-4.28.1.jar;C:\Users\acer\.m2\repository\org\jspecify\jspecify\1.0.0\jspecify-1.0.0.jar;C:\Users\acer\.m2\repository\org\seleniumhq\selenium\selenium-chrome-driver\4.28.1\selenium-chrome-driver-4.28.1.jar;C:\Users\acer\.m2\repository\com\google\auto\service\auto-service-annotations\1.1.1\auto-service-annotations-1.1.1.jar;C:\Users\acer\.m2\repository\org\seleniumhq\selenium\selenium-chromium-driver\4.28.1\selenium-chromium-driver-4.28.1.jar;C:\Users\acer\.m2\repository\org\seleniumhq\selenium\selenium-json\4.28.1\selenium-json-4.28.1.jar;C:\Users\acer\.m2\repository\org\seleniumhq\selenium\selenium-manager\4.28.1\selenium-manager-4.28.1.jar;C:\Users\acer\.m2\repository\org\seleniumhq\selenium\selenium-devtools-v130\4.28.1\selenium-devtools-v130-4.28.1.jar;C:\Users\acer\.m2\repository\org\seleniumhq\selenium\selenium-devtools-v131\4.28.1\selenium-devtools-v131-4.28.1.jar;C:\Users\acer\.m2\repository\org\seleniumhq\selenium\selenium-devtools-v132\4.28.1\selenium-devtools-v132-4.28.1.jar;C:\Users\acer\.m2\repository\org\seleniumhq\selenium\selenium-devtools-v85\4.28.1\selenium-devtools-v85-4.28.1.jar;C:\Users\acer\.m2\repository\org\seleniumhq\selenium\selenium-edge-driver\4.28.1\selenium-edge-driver-4.28.1.jar;C:\Users\acer\.m2\repository\org\seleniumhq\selenium\selenium-firefox-driver\4.28.1\selenium-firefox-driver-4.28.1.jar;C:\Users\acer\.m2\repository\org\seleniumhq\selenium\selenium-http\4.28.1\selenium-http-4.28.1.jar;C:\Users\acer\.m2\repository\org\seleniumhq\selenium\selenium-ie-driver\4.28.1\selenium-ie-driver-4.28.1.jar;C:\Users\acer\.m2\repository\org\seleniumhq\selenium\selenium-remote-driver\4.28.1\selenium-remote-driver-4.28.1.
Launcher Type: SUN_STANDARD

[Global flags]
     intx CICompilerCount                          = 3                                         {product} {ergonomic}
     uint ConcGCThreads                            = 1                                         {product} {ergonomic}
     uint G1ConcRefinementThreads                  = 4                                         {product} {ergonomic}
   size_t G1HeapRegionSize                         = 1048576                                   {product} {ergonomic}
    uintx GCDrainStackTargetSize                   = 64                                        {product} {ergonomic}
   size_t InitialHeapSize                          = 58720256                                  {product} {ergonomic}
   size_t MarkStackSize                            = 4194304                                   {product} {ergonomic}
   size_t MaxHeapSize                              = 924844032                                 {product} {ergonomic}
   size_t MaxNewSize                               = 554696704                                 {product} {ergonomic}
   size_t MinHeapDeltaBytes                        = 1048576                                   {product} {ergonomic}
   size_t MinHeapSize                              = 8388608                                   {product} {ergonomic}
    uintx NonNMethodCodeHeapSize                   = 5832780                                {pd product} {ergonomic}
    uintx NonProfiledCodeHeapSize                  = 122912730                              {pd product} {ergonomic}
    uintx ProfiledCodeHeapSize                     = 122912730                              {pd product} {ergonomic}
    uintx ReservedCodeCacheSize                    = 251658240                              {pd product} {ergonomic}
     bool SegmentedCodeCache                       = true                                      {product} {ergonomic}
     bool ShowCodeDetailsInExceptionMessages       = true                                   {manageable} {command line}
   size_t SoftMaxHeapSize                          = 924844032                              {manageable} {ergonomic}
     bool UseCompressedClassPointers               = true                           {product lp64_product} {ergonomic}
     bool UseCompressedOops                        = true                           {product lp64_product} {ergonomic}
     bool UseG1GC                                  = true                                      {product} {ergonomic}
     bool UseLargePagesIndividualAllocation        = false                                  {pd product} {ergonomic}

Logging:
Log output configuration:
 #0: stdout all=warning uptime,level,tags
 #1: stderr all=off uptime,level,tags

Environment Variables:
JAVA_HOME=C:\Program Files\Java\jdk-17
PATH=C:/Users/acer/.p2/pool/plugins/org.eclipse.justj.openjdk.hotspot.jre.full.win32.x86_64_17.0.9.v20231028-0858/jre/bin/server;C:/Users/acer/.p2/pool/plugins/org.eclipse.justj.openjdk.hotspot.jre.full.win32.x86_64_17.0.9.v20231028-0858/jre/bin;C:\Program Files\Common Files\Oracle\Java\javapath;C:\Program Files (x86)\Common Files\Oracle\Java\javapath;C:\WINDOWS\system32;C:\WINDOWS;C:\WINDOWS\System32\Wbem;C:\WINDOWS\System32\WindowsPowerShell\v1.0\;C:\WINDOWS\System32\OpenSSH\;C:\Program Files\Java\jdk1.8.0_202\bin;C:\Program Files\Java\jdk-17\bin;C:\Users\acer\AppData\Local\Microsoft\WindowsApps;;C:\WINDOWS\system32;
USERNAME=acer
OS=Windows_NT
PROCESSOR_IDENTIFIER=AMD64 Family 23 Model 24 Stepping 1, AuthenticAMD



---------------  S Y S T E M  ---------------

OS:
 Windows 11 , 64 bit Build 22621 (10.0.22621.4391)
OS uptime: 12 days 2:56 hours

CPU: total 4 (initial active 4) (4 cores per cpu, 2 threads per core) family 23 model 24 stepping 1 microcode 0x0, cx8, cmov, fxsr, ht, mmx, 3dnowpref, sse, sse2, sse3, ssse3, sse4a, sse4.1, sse4.2, popcnt, lzcnt, tsc, tscinvbit, avx, avx2, aes, clmul, bmi1, bmi2, adx, sha, fma, vzeroupper, clflush, clflushopt

Memory: 4k page, system-wide physical 3521M (161M free)
TotalPageFile size 14273M (AvailPageFile size 0M)
current process WorkingSet (physical memory assigned to process): 31M, peak: 97M
current process commit charge ("private bytes"): 148M, peak: 165M

vm_info: Java HotSpot(TM) 64-Bit Server VM (17.0.11+7-LTS-207) for windows-amd64 JRE (17.0.11+7-LTS-207), built on Mar 11 2024 19:01:50 by "mach5one" with MS VC++ 17.6 (VS2022)

END.
